<?xml version="1.0" encoding="UTF-8"?>
<testsuite name="WordPuzzleTest" tests="6" skipped="0" failures="0" errors="0" timestamp="2016-04-22T18:03:26" hostname="epicodus-58.local" time="0.001">
  <properties/>
  <testcase name="runWordPuzzle_replaceYAsVowelWithDash_String" classname="WordPuzzleTest" time="0.0"/>
  <testcase name="runWordPuzzle_replaceVowelsInSentenceWithDashes_String" classname="WordPuzzleTest" time="0.0"/>
  <testcase name="runWordPuzzle_replaceAllFiveVowelswithFiveDashes_String" classname="WordPuzzleTest" time="0.0"/>
  <testcase name="runWordPuzzle_replaceVowelwithDash_String" classname="WordPuzzleTest" time="0.0"/>
  <testcase name="runWordPuzzle_replaceMixedCaseVowelsWithDashes_String" classname="WordPuzzleTest" time="0.0"/>
  <testcase name="runWordPuzzle_replaceAllVowelsInWordWithDashes_String" classname="WordPuzzleTest" time="0.0"/>
  <system-out><![CDATA[]]></system-out>
  <system-err><![CDATA[]]></system-err>
</testsuite>
