<?xml version="1.0" encoding="UTF-8"?>
<testsuite name="WordPuzzleTest" tests="2" skipped="0" failures="0" errors="0" timestamp="2016-04-22T15:58:28" hostname="epicodus-58.local" time="0.001">
  <properties/>
  <testcase name="runWordPuzzle_replaceAllFiveVowelswithFiveDashes_String" classname="WordPuzzleTest" time="0.001"/>
  <testcase name="runWordPuzzle_replaceVowelwithDash_String" classname="WordPuzzleTest" time="0.0"/>
  <system-out><![CDATA[]]></system-out>
  <system-err><![CDATA[]]></system-err>
</testsuite>
